<?xml version="1.0" encoding="UTF-8"?>
<testsuite xmlns:xsi="http://www.w3.org/2001/XMLSchema-instance" xsi:noNamespaceSchemaLocation="https://maven.apache.org/surefire/maven-surefire-plugin/xsd/surefire-test-report-3.0.xsd" version="3.0" name="TestSuite" time="28.278" tests="4" errors="0" skipped="0" failures="0">
  <properties>
    <property name="sun.desktop" value="gnome"/>
    <property name="awt.toolkit" value="sun.awt.X11.XToolkit"/>
    <property name="file.encoding.pkg" value="sun.io"/>
    <property name="java.specification.version" value="1.8"/>
    <property name="webdriver.chrome.driver" value="/home/sanjna/git/seleniumRepo/src/main/resources/linux/googlechrome/64bit/chromedriver"/>
    <property name="sun.cpu.isalist" value=""/>
    <property name="sun.jnu.encoding" value="UTF-8"/>
    <property name="java.class.path" value="/home/sanjna/Desktop/E2EProject/target/test-classes:/home/sanjna/Desktop/E2EProject/target/classes:/home/sanjna/.m2/repository/com/aventstack/extentreports/4.1.5/extentreports-4.1.5.jar:/home/sanjna/.m2/repository/org/freemarker/freemarker/2.3.29/freemarker-2.3.29.jar:/home/sanjna/.m2/repository/org/apache/httpcomponents/httpclient/4.5.2/httpclient-4.5.2.jar:/home/sanjna/.m2/repository/org/apache/httpcomponents/httpcore/4.4.4/httpcore-4.4.4.jar:/home/sanjna/.m2/repository/commons-logging/commons-logging/1.2/commons-logging-1.2.jar:/home/sanjna/.m2/repository/commons-codec/commons-codec/1.9/commons-codec-1.9.jar:/home/sanjna/.m2/repository/org/apache/httpcomponents/httpmime/4.5.2/httpmime-4.5.2.jar:/home/sanjna/.m2/repository/com/google/code/gson/gson/2.8.6/gson-2.8.6.jar:/home/sanjna/.m2/repository/org/mongodb/mongodb-driver/3.12.0/mongodb-driver-3.12.0.jar:/home/sanjna/.m2/repository/org/mongodb/mongodb-driver-core/3.12.0/mongodb-driver-core-3.12.0.jar:/home/sanjna/.m2/repository/org/mongodb/bson/3.12.0/bson-3.12.0.jar:/home/sanjna/.m2/repository/commons-io/commons-io/2.6/commons-io-2.6.jar:/home/sanjna/.m2/repository/junit/junit/4.11/junit-4.11.jar:/home/sanjna/.m2/repository/org/hamcrest/hamcrest-core/1.3/hamcrest-core-1.3.jar:/home/sanjna/.m2/repository/org/seleniumhq/selenium/selenium-java/3.141.59/selenium-java-3.141.59.jar:/home/sanjna/.m2/repository/org/seleniumhq/selenium/selenium-api/3.141.59/selenium-api-3.141.59.jar:/home/sanjna/.m2/repository/org/seleniumhq/selenium/selenium-chrome-driver/3.141.59/selenium-chrome-driver-3.141.59.jar:/home/sanjna/.m2/repository/org/seleniumhq/selenium/selenium-edge-driver/3.141.59/selenium-edge-driver-3.141.59.jar:/home/sanjna/.m2/repository/org/seleniumhq/selenium/selenium-firefox-driver/3.141.59/selenium-firefox-driver-3.141.59.jar:/home/sanjna/.m2/repository/org/seleniumhq/selenium/selenium-ie-driver/3.141.59/selenium-ie-driver-3.141.59.jar:/home/sanjna/.m2/repository/org/seleniumhq/selenium/selenium-opera-driver/3.141.59/selenium-opera-driver-3.141.59.jar:/home/sanjna/.m2/repository/org/seleniumhq/selenium/selenium-remote-driver/3.141.59/selenium-remote-driver-3.141.59.jar:/home/sanjna/.m2/repository/org/seleniumhq/selenium/selenium-safari-driver/3.141.59/selenium-safari-driver-3.141.59.jar:/home/sanjna/.m2/repository/org/seleniumhq/selenium/selenium-support/3.141.59/selenium-support-3.141.59.jar:/home/sanjna/.m2/repository/net/bytebuddy/byte-buddy/1.8.15/byte-buddy-1.8.15.jar:/home/sanjna/.m2/repository/org/apache/commons/commons-exec/1.3/commons-exec-1.3.jar:/home/sanjna/.m2/repository/com/google/guava/guava/25.0-jre/guava-25.0-jre.jar:/home/sanjna/.m2/repository/com/google/code/findbugs/jsr305/1.3.9/jsr305-1.3.9.jar:/home/sanjna/.m2/repository/org/checkerframework/checker-compat-qual/2.0.0/checker-compat-qual-2.0.0.jar:/home/sanjna/.m2/repository/com/google/errorprone/error_prone_annotations/2.1.3/error_prone_annotations-2.1.3.jar:/home/sanjna/.m2/repository/com/google/j2objc/j2objc-annotations/1.1/j2objc-annotations-1.1.jar:/home/sanjna/.m2/repository/org/codehaus/mojo/animal-sniffer-annotations/1.14/animal-sniffer-annotations-1.14.jar:/home/sanjna/.m2/repository/com/squareup/okhttp3/okhttp/3.11.0/okhttp-3.11.0.jar:/home/sanjna/.m2/repository/com/squareup/okio/okio/1.14.0/okio-1.14.0.jar:/home/sanjna/.m2/repository/org/testng/testng/6.8/testng-6.8.jar:/home/sanjna/.m2/repository/org/beanshell/bsh/2.0b4/bsh-2.0b4.jar:/home/sanjna/.m2/repository/com/beust/jcommander/1.27/jcommander-1.27.jar:/home/sanjna/.m2/repository/org/yaml/snakeyaml/1.6/snakeyaml-1.6.jar:/home/sanjna/.m2/repository/org/apache/logging/log4j/log4j-api/2.4/log4j-api-2.4.jar:/home/sanjna/.m2/repository/org/apache/logging/log4j/log4j-core/2.4/log4j-core-2.4.jar:"/>
    <property name="java.vm.vendor" value="Oracle Corporation"/>
    <property name="sun.arch.data.model" value="64"/>
    <property name="java.vendor.url" value="http://java.oracle.com/"/>
    <property name="user.timezone" value="America/New_York"/>
    <property name="java.vm.specification.version" value="1.8"/>
    <property name="os.name" value="Linux"/>
    <property name="user.country" value="US"/>
    <property name="sun.java.launcher" value="SUN_STANDARD"/>
    <property name="sun.boot.library.path" value="/usr/lib/jvm/java8/jre/lib/amd64"/>
    <property name="sun.java.command" value="/home/sanjna/Desktop/E2EProject/target/surefire/surefirebooter7577110100214889795.jar /home/sanjna/Desktop/E2EProject/target/surefire 2020-05-25T14-55-47_251-jvmRun1 surefire6701041213631442571tmp surefire_07174064820915875341tmp"/>
    <property name="surefire.test.class.path" value="/home/sanjna/Desktop/E2EProject/target/test-classes:/home/sanjna/Desktop/E2EProject/target/classes:/home/sanjna/.m2/repository/com/aventstack/extentreports/4.1.5/extentreports-4.1.5.jar:/home/sanjna/.m2/repository/org/freemarker/freemarker/2.3.29/freemarker-2.3.29.jar:/home/sanjna/.m2/repository/org/apache/httpcomponents/httpclient/4.5.2/httpclient-4.5.2.jar:/home/sanjna/.m2/repository/org/apache/httpcomponents/httpcore/4.4.4/httpcore-4.4.4.jar:/home/sanjna/.m2/repository/commons-logging/commons-logging/1.2/commons-logging-1.2.jar:/home/sanjna/.m2/repository/commons-codec/commons-codec/1.9/commons-codec-1.9.jar:/home/sanjna/.m2/repository/org/apache/httpcomponents/httpmime/4.5.2/httpmime-4.5.2.jar:/home/sanjna/.m2/repository/com/google/code/gson/gson/2.8.6/gson-2.8.6.jar:/home/sanjna/.m2/repository/org/mongodb/mongodb-driver/3.12.0/mongodb-driver-3.12.0.jar:/home/sanjna/.m2/repository/org/mongodb/mongodb-driver-core/3.12.0/mongodb-driver-core-3.12.0.jar:/home/sanjna/.m2/repository/org/mongodb/bson/3.12.0/bson-3.12.0.jar:/home/sanjna/.m2/repository/commons-io/commons-io/2.6/commons-io-2.6.jar:/home/sanjna/.m2/repository/junit/junit/4.11/junit-4.11.jar:/home/sanjna/.m2/repository/org/hamcrest/hamcrest-core/1.3/hamcrest-core-1.3.jar:/home/sanjna/.m2/repository/org/seleniumhq/selenium/selenium-java/3.141.59/selenium-java-3.141.59.jar:/home/sanjna/.m2/repository/org/seleniumhq/selenium/selenium-api/3.141.59/selenium-api-3.141.59.jar:/home/sanjna/.m2/repository/org/seleniumhq/selenium/selenium-chrome-driver/3.141.59/selenium-chrome-driver-3.141.59.jar:/home/sanjna/.m2/repository/org/seleniumhq/selenium/selenium-edge-driver/3.141.59/selenium-edge-driver-3.141.59.jar:/home/sanjna/.m2/repository/org/seleniumhq/selenium/selenium-firefox-driver/3.141.59/selenium-firefox-driver-3.141.59.jar:/home/sanjna/.m2/repository/org/seleniumhq/selenium/selenium-ie-driver/3.141.59/selenium-ie-driver-3.141.59.jar:/home/sanjna/.m2/repository/org/seleniumhq/selenium/selenium-opera-driver/3.141.59/selenium-opera-driver-3.141.59.jar:/home/sanjna/.m2/repository/org/seleniumhq/selenium/selenium-remote-driver/3.141.59/selenium-remote-driver-3.141.59.jar:/home/sanjna/.m2/repository/org/seleniumhq/selenium/selenium-safari-driver/3.141.59/selenium-safari-driver-3.141.59.jar:/home/sanjna/.m2/repository/org/seleniumhq/selenium/selenium-support/3.141.59/selenium-support-3.141.59.jar:/home/sanjna/.m2/repository/net/bytebuddy/byte-buddy/1.8.15/byte-buddy-1.8.15.jar:/home/sanjna/.m2/repository/org/apache/commons/commons-exec/1.3/commons-exec-1.3.jar:/home/sanjna/.m2/repository/com/google/guava/guava/25.0-jre/guava-25.0-jre.jar:/home/sanjna/.m2/repository/com/google/code/findbugs/jsr305/1.3.9/jsr305-1.3.9.jar:/home/sanjna/.m2/repository/org/checkerframework/checker-compat-qual/2.0.0/checker-compat-qual-2.0.0.jar:/home/sanjna/.m2/repository/com/google/errorprone/error_prone_annotations/2.1.3/error_prone_annotations-2.1.3.jar:/home/sanjna/.m2/repository/com/google/j2objc/j2objc-annotations/1.1/j2objc-annotations-1.1.jar:/home/sanjna/.m2/repository/org/codehaus/mojo/animal-sniffer-annotations/1.14/animal-sniffer-annotations-1.14.jar:/home/sanjna/.m2/repository/com/squareup/okhttp3/okhttp/3.11.0/okhttp-3.11.0.jar:/home/sanjna/.m2/repository/com/squareup/okio/okio/1.14.0/okio-1.14.0.jar:/home/sanjna/.m2/repository/org/testng/testng/6.8/testng-6.8.jar:/home/sanjna/.m2/repository/org/beanshell/bsh/2.0b4/bsh-2.0b4.jar:/home/sanjna/.m2/repository/com/beust/jcommander/1.27/jcommander-1.27.jar:/home/sanjna/.m2/repository/org/yaml/snakeyaml/1.6/snakeyaml-1.6.jar:/home/sanjna/.m2/repository/org/apache/logging/log4j/log4j-api/2.4/log4j-api-2.4.jar:/home/sanjna/.m2/repository/org/apache/logging/log4j/log4j-core/2.4/log4j-core-2.4.jar:"/>
    <property name="sun.cpu.endian" value="little"/>
    <property name="user.home" value="/home/sanjna"/>
    <property name="user.language" value="en"/>
    <property name="java.specification.vendor" value="Oracle Corporation"/>
    <property name="java.home" value="/usr/lib/jvm/java8/jre"/>
    <property name="basedir" value="/home/sanjna/Desktop/E2EProject"/>
    <property name="file.separator" value="/"/>
    <property name="line.separator" value="&#10;"/>
    <property name="java.vm.specification.vendor" value="Oracle Corporation"/>
    <property name="java.specification.name" value="Java Platform API Specification"/>
    <property name="java.awt.graphicsenv" value="sun.awt.X11GraphicsEnvironment"/>
    <property name="surefire.real.class.path" value="/home/sanjna/Desktop/E2EProject/target/surefire/surefirebooter7577110100214889795.jar"/>
    <property name="sun.boot.class.path" value="/usr/lib/jvm/java8/jre/lib/resources.jar:/usr/lib/jvm/java8/jre/lib/rt.jar:/usr/lib/jvm/java8/jre/lib/sunrsasign.jar:/usr/lib/jvm/java8/jre/lib/jsse.jar:/usr/lib/jvm/java8/jre/lib/jce.jar:/usr/lib/jvm/java8/jre/lib/charsets.jar:/usr/lib/jvm/java8/jre/lib/jfr.jar:/usr/lib/jvm/java8/jre/classes"/>
    <property name="sun.management.compiler" value="HotSpot 64-Bit Tiered Compilers"/>
    <property name="java.runtime.version" value="1.8.0_171-b11"/>
    <property name="user.name" value="sanjna"/>
    <property name="path.separator" value=":"/>
    <property name="os.version" value="4.15.0-101-generic"/>
    <property name="java.endorsed.dirs" value="/usr/lib/jvm/java8/jre/lib/endorsed"/>
    <property name="java.runtime.name" value="Java(TM) SE Runtime Environment"/>
    <property name="file.encoding" value="UTF-8"/>
    <property name="java.vm.name" value="Java HotSpot(TM) 64-Bit Server VM"/>
    <property name="localRepository" value="/home/sanjna/.m2/repository"/>
    <property name="java.vendor.url.bug" value="http://bugreport.sun.com/bugreport/"/>
    <property name="java.io.tmpdir" value="/tmp"/>
    <property name="java.version" value="1.8.0_171"/>
    <property name="user.dir" value="/home/sanjna/Desktop/E2EProject"/>
    <property name="os.arch" value="amd64"/>
    <property name="java.vm.specification.name" value="Java Virtual Machine Specification"/>
    <property name="java.awt.printerjob" value="sun.print.PSPrinterJob"/>
    <property name="sun.os.patch.level" value="unknown"/>
    <property name="java.library.path" value="/usr/java/packages/lib/amd64:/usr/lib64:/lib64:/lib:/usr/lib"/>
    <property name="java.vm.info" value="mixed mode"/>
    <property name="java.vendor" value="Oracle Corporation"/>
    <property name="java.vm.version" value="25.171-b11"/>
    <property name="java.ext.dirs" value="/usr/lib/jvm/java8/jre/lib/ext:/usr/java/packages/lib/ext"/>
    <property name="sun.io.unicode.encoding" value="UnicodeLittle"/>
    <property name="java.class.version" value="52.0"/>
  </properties>
  <testcase name="basePageNavigation" classname="Academy.E2EProject.validateNavigationBar" time="0.352"/>
  <testcase name="basePageNavigation" classname="Academy.E2EProject.validateTitle" time="0.502"/>
  <testcase name="basePageNavigation" classname="Academy.E2EProject.HomePage" time="6.809"/>
  <testcase name="basePageNavigation" classname="Academy.E2EProject.HomePage" time="8.469"/>
</testsuite>