<?xml version="1.0" encoding="UTF-8"?>
<!-- Generated by org.testng.reporters.JUnitReportReporter -->
<testsuite hostname="Sanjna-desktop" name="Academy.E2EProject.HomePage" tests="2" failures="0" timestamp="25 May 2020 18:56:52 GMT" time="17.039" errors="0">
  <testcase name="basePageNavigation" time="10.740" classname="Academy.E2EProject.HomePage"/>
  <testcase name="basePageNavigation" time="6.299" classname="Academy.E2EProject.HomePage"/>
</testsuite> <!-- Academy.E2EProject.HomePage -->
