<?xml version="1.0" encoding="UTF-8"?>
<!-- Generated by org.testng.reporters.JUnitReportReporter -->
<testsuite hostname="Sanjna-desktop" name="Academy.E2EProject.validateNavigationBar" tests="1" failures="0" timestamp="25 May 2020 18:56:52 GMT" time="1.680" errors="0">
  <testcase name="basePageNavigation" time="1.680" classname="Academy.E2EProject.validateNavigationBar"/>
</testsuite> <!-- Academy.E2EProject.validateNavigationBar -->
