<?xml version="1.0" encoding="UTF-8"?>
<!-- Generated by org.testng.reporters.JUnitReportReporter -->
<testsuite hostname="Sanjna-desktop" name="Academy.E2EProject.validateTitle" tests="1" failures="0" timestamp="25 May 2020 18:56:52 GMT" time="1.288" errors="0">
  <testcase name="basePageNavigation" time="1.288" classname="Academy.E2EProject.validateTitle"/>
</testsuite> <!-- Academy.E2EProject.validateTitle -->
