<?xml version="1.0" encoding="UTF-8"?>
<!-- Generated by org.testng.reporters.JUnitReportReporter -->
<testsuite hostname="Sanjna-desktop" name="Academy.E2EProject.HomePage" tests="2" failures="0" timestamp="25 May 2020 18:56:16 GMT" time="22.030" errors="0">
  <testcase name="basePageNavigation" time="13.560" classname="Academy.E2EProject.HomePage"/>
  <testcase name="basePageNavigation" time="8.470" classname="Academy.E2EProject.HomePage"/>
</testsuite> <!-- Academy.E2EProject.HomePage -->
